Using pre-set license
Built from '2020.3/staging' branch; Version is '2020.3.6f1 (338bb68529b2) revision 3378102'; Using compiler version '192528614'; Build Type 'Release'
OS: 'Windows 10 Pro; OS build 19044.1826; Version 2009; 64bit' Language: 'es' Physical Memory: 16297 MB
BatchMode: 1, IsHumanControllingUs: 0, StartBugReporterOnCrash: 0, Is64bit: 1, IsPro: 0

 COMMAND LINE ARGUMENTS:
C:\Program Files\Unity\Hub\Editor\2020.3.6f1\Editor\Unity.exe
-adb2
-batchMode
-noUpm
-name
AssetImportWorker0
-projectPath
C:/Users/Jose Ortiz/Documents/GitHub/Trabajovectores/Trabajo1Vec
-logFile
Logs/AssetImportWorker0.log
-srvPort
56636
Successfully changed project path to: C:/Users/Jose Ortiz/Documents/GitHub/Trabajovectores/Trabajo1Vec
C:/Users/Jose Ortiz/Documents/GitHub/Trabajovectores/Trabajo1Vec
Using Asset Import Pipeline V2.
Refreshing native plugins compatible for Editor in 19.73 ms, found 0 plugins.
Preloading 0 native plugins for Editor in 0.00 ms.
Initialize engine version: 2020.3.6f1 (338bb68529b2)
[Subsystems] Discovering subsystems at path C:/Program Files/Unity/Hub/Editor/2020.3.6f1/Editor/Data/Resources/UnitySubsystems
[Subsystems] Discovering subsystems at path C:/Users/Jose Ortiz/Documents/GitHub/Trabajovectores/Trabajo1Vec/Assets
GfxDevice: creating device client; threaded=0
Direct3D:
    Version:  Direct3D 11.0 [level 11.1]
    Renderer: NVIDIA GeForce RTX 2060 SUPER (ID=0x1f06)
    Vendor:   
    VRAM:     8031 MB
    Driver:   27.21.14.5671
Initialize mono
Mono path[0] = 'C:/Program Files/Unity/Hub/Editor/2020.3.6f1/Editor/Data/Managed'
Mono path[1] = 'C:/Program Files/Unity/Hub/Editor/2020.3.6f1/Editor/Data/MonoBleedingEdge/lib/mono/unityjit'
Mono config path = 'C:/Program Files/Unity/Hub/Editor/2020.3.6f1/Editor/Data/MonoBleedingEdge/etc'
Using monoOptions --debugger-agent=transport=dt_socket,embedding=1,server=y,suspend=n,address=127.0.0.1:56872
Begin MonoManager ReloadAssembly
Registering precompiled unity dll's ...
Register platform support module: C:/Program Files/Unity/Hub/Editor/2020.3.6f1/Editor/Data/PlaybackEngines/WindowsStandaloneSupport/UnityEditor.WindowsStandalone.Extensions.dll
Registered in 0.002033 seconds.
Native extension for WindowsStandalone target not found
Refreshing native plugins compatible for Editor in 20.12 ms, found 0 plugins.
Preloading 0 native plugins for Editor in 0.00 ms.
Mono: successfully reloaded assembly
- Completed reload, in  0.927 seconds
Platform modules already initialized, skipping
Registering precompiled user dll's ...
Registered in 0.000601 seconds.
Begin MonoManager ReloadAssembly
Native extension for WindowsStandalone target not found
Refreshing native plugins compatible for Editor in 0.23 ms, found 0 plugins.
Preloading 0 native plugins for Editor in 0.00 ms.
Mono: successfully reloaded assembly
- Completed reload, in  0.685 seconds
Platform modules already initialized, skipping
========================================================================
Worker process is ready to serve import requests
Launched and connected shader compiler UnityShaderCompiler.exe after 0.04 seconds
Refreshing native plugins compatible for Editor in 0.26 ms, found 0 plugins.
Preloading 0 native plugins for Editor in 0.00 ms.
Unloading 1115 Unused Serialized files (Serialized files now loaded: 0)
System memory in use before: 57.1 MB.
System memory in use after: 57.1 MB.

Unloading 10 unused Assets to reduce memory usage. Loaded Objects now: 1557.
Total: 1.940700 ms (FindLiveObjects: 0.184900 ms CreateObjectMapping: 0.029700 ms MarkObjects: 1.646900 ms  DeleteObjects: 0.077700 ms)

========================================================================
Received Import Request.
  path: Assets
  artifactKey: Guid(00000000000000001000000000000000) Importer(815301076,1909f56bfc062723c751e8b465ee728b)
Start importing Assets using Guid(00000000000000001000000000000000) Importer(815301076,1909f56bfc062723c751e8b465ee728b)  -> (artifact id: '2c602d4445bd9e0e517b9a7c882a2249') in 0.009580 seconds
  Import took 0.011553 seconds .

========================================================================
Received Import Request.
  Time since last request: 5.989167 seconds.
  path: Assets/Script
  artifactKey: Guid(0fa9dc314708c864cb6b3f9c3d825e50) Importer(815301076,1909f56bfc062723c751e8b465ee728b)
Start importing Assets/Script using Guid(0fa9dc314708c864cb6b3f9c3d825e50) Importer(815301076,1909f56bfc062723c751e8b465ee728b)  -> (artifact id: '1f52db9b3f80ee1ef2099acb779893f0') in 0.006253 seconds
  Import took 0.008338 seconds .

========================================================================
Received Import Request.
  Time since last request: 0.001069 seconds.
  path: Assets/Script
  artifactKey: Guid(0fa9dc314708c864cb6b3f9c3d825e50) Importer(815301076,1909f56bfc062723c751e8b465ee728b)
Start importing Assets/Script using Guid(0fa9dc314708c864cb6b3f9c3d825e50) Importer(815301076,1909f56bfc062723c751e8b465ee728b)  -> (artifact id: '1f52db9b3f80ee1ef2099acb779893f0') in 0.002105 seconds
  Import took 0.003948 seconds .

========================================================================
Received Prepare
Registering precompiled user dll's ...
Registered in 0.000811 seconds.
Begin MonoManager ReloadAssembly
Native extension for WindowsStandalone target not found
Refreshing native plugins compatible for Editor in 0.25 ms, found 0 plugins.
Preloading 0 native plugins for Editor in 0.00 ms.
Mono: successfully reloaded assembly
- Completed reload, in  0.637 seconds
Platform modules already initialized, skipping
Refreshing native plugins compatible for Editor in 0.25 ms, found 0 plugins.
Preloading 0 native plugins for Editor in 0.00 ms.
Unloading 1112 Unused Serialized files (Serialized files now loaded: 0)
System memory in use before: 57.0 MB.
System memory in use after: 57.1 MB.

Unloading 5 unused Assets to reduce memory usage. Loaded Objects now: 1562.
Total: 2.064300 ms (FindLiveObjects: 0.372600 ms CreateObjectMapping: 0.133100 ms MarkObjects: 1.496000 ms  DeleteObjects: 0.061100 ms)

========================================================================
Received Import Request.
  Time since last request: 142.315816 seconds.
  path: Assets/Script/TestMyVectors.cs
  artifactKey: Guid(0030bb578b8aca0458833c4517343487) Importer(815301076,1909f56bfc062723c751e8b465ee728b)
Start importing Assets/Script/TestMyVectors.cs using Guid(0030bb578b8aca0458833c4517343487) Importer(815301076,1909f56bfc062723c751e8b465ee728b)  -> (artifact id: 'af54bdadfe86f9bf045b1e39e30e7502') in 0.027368 seconds
  Import took 0.029592 seconds .

========================================================================
Received Import Request.
  Time since last request: 0.486941 seconds.
  path: Assets/Script/MyVector.cs
  artifactKey: Guid(8a4136426f53f7c43a2159faa73bacd3) Importer(815301076,1909f56bfc062723c751e8b465ee728b)
Start importing Assets/Script/MyVector.cs using Guid(8a4136426f53f7c43a2159faa73bacd3) Importer(815301076,1909f56bfc062723c751e8b465ee728b)  -> (artifact id: '3a1d380db6876de01198ab52bfaf2867') in 0.005192 seconds
  Import took 0.007128 seconds .

========================================================================
Received Import Request.
  Time since last request: 0.020007 seconds.
  path: Assets/Script/MyVector.cs
  artifactKey: Guid(8a4136426f53f7c43a2159faa73bacd3) Importer(815301076,1909f56bfc062723c751e8b465ee728b)
Start importing Assets/Script/MyVector.cs using Guid(8a4136426f53f7c43a2159faa73bacd3) Importer(815301076,1909f56bfc062723c751e8b465ee728b)  -> (artifact id: '3a1d380db6876de01198ab52bfaf2867') in 0.002135 seconds
  Import took 0.004296 seconds .

========================================================================
Received Import Request.
  Time since last request: 199.995662 seconds.
  path: Assets/Script/MyVector.cs
  artifactKey: Guid(8a4136426f53f7c43a2159faa73bacd3) Importer(815301076,1909f56bfc062723c751e8b465ee728b)
Start importing Assets/Script/MyVector.cs using Guid(8a4136426f53f7c43a2159faa73bacd3) Importer(815301076,1909f56bfc062723c751e8b465ee728b)  -> (artifact id: 'a77da66d4993b40036e85f254ee8b12d') in 0.002501 seconds
  Import took 0.004597 seconds .

========================================================================
Received Prepare
Registering precompiled user dll's ...
Registered in 0.000772 seconds.
Begin MonoManager ReloadAssembly
Native extension for WindowsStandalone target not found
Refreshing native plugins compatible for Editor in 0.26 ms, found 0 plugins.
Preloading 0 native plugins for Editor in 0.00 ms.
Mono: successfully reloaded assembly
- Completed reload, in  0.651 seconds
Platform modules already initialized, skipping
Refreshing native plugins compatible for Editor in 0.23 ms, found 0 plugins.
Preloading 0 native plugins for Editor in 0.00 ms.
Unloading 1112 Unused Serialized files (Serialized files now loaded: 0)
System memory in use before: 57.1 MB.
System memory in use after: 57.1 MB.

Unloading 5 unused Assets to reduce memory usage. Loaded Objects now: 1565.
Total: 1.789300 ms (FindLiveObjects: 0.207100 ms CreateObjectMapping: 0.025700 ms MarkObjects: 1.498600 ms  DeleteObjects: 0.056400 ms)

========================================================================
Received Import Request.
  Time since last request: 24.923825 seconds.
  path: Assets/Script/TestMyVectors.cs
  artifactKey: Guid(0030bb578b8aca0458833c4517343487) Importer(815301076,1909f56bfc062723c751e8b465ee728b)
Start importing Assets/Script/TestMyVectors.cs using Guid(0030bb578b8aca0458833c4517343487) Importer(815301076,1909f56bfc062723c751e8b465ee728b)  -> (artifact id: 'f15b95818953a78822e201bf14ed58a2') in 0.007727 seconds
  Import took 0.009882 seconds .

========================================================================
Received Prepare
Registering precompiled user dll's ...
Registered in 0.000613 seconds.
Begin MonoManager ReloadAssembly
Native extension for WindowsStandalone target not found
Refreshing native plugins compatible for Editor in 0.30 ms, found 0 plugins.
Preloading 0 native plugins for Editor in 0.00 ms.
Mono: successfully reloaded assembly
- Completed reload, in  0.639 seconds
Platform modules already initialized, skipping
Refreshing native plugins compatible for Editor in 0.23 ms, found 0 plugins.
Preloading 0 native plugins for Editor in 0.00 ms.
Unloading 1112 Unused Serialized files (Serialized files now loaded: 0)
System memory in use before: 57.1 MB.
System memory in use after: 57.2 MB.

Unloading 5 unused Assets to reduce memory usage. Loaded Objects now: 1568.
Total: 1.710800 ms (FindLiveObjects: 0.224100 ms CreateObjectMapping: 0.033600 ms MarkObjects: 1.391800 ms  DeleteObjects: 0.060200 ms)

AssetImportWorkerClient::OnTransportError - code=2 error=End of file
